# Task2 Часть 2. HPA по количеству запросов в секунду
## helm repo
## установка kube-prometheus-stack
  kubectl get secret --namespace monitoring -l app.kubernetes.io/component=admin-secret -o jsonpath="{.items[0].data.admin-password}" | base64 --decode ; echo


Visit https://github.com/prometheus-operator/kube-prometheus for instructions on how to create & configure Alertmanager and Prometheus instances using the Operator.
## применяю ServiceMonitor
servicemonitor.monitoring.coreos.com/scaletestapp created
## ожидание скрейпа (60s)
## проверка метрики приложения в Prometheus (API)
metric query failed
## установка prometheus-adapter
prometheus-adapter has been deployed.
In a few minutes you should be able to list metrics using the following command(s):

  kubectl get --raw /apis/custom.metrics.k8s.io/v1beta1
## ожидание публикации custom metric (60s)
## список custom.metrics
{"kind":"APIResourceList","apiVersion":"v1","groupVersion":"custom.metrics.k8s.io/v1beta1","resources":[{"name":"namespaces/http_requests_per_second","singularName":"","namespaced":false,"kind":"MetricValueList","verbs":["get"]},{"name":"pods/http_requests_per_second","singularName":"","namespaced":true,"kind":"MetricValueList","verbs":["get"]}]}
## значение http_requests_per_second по подам
{"kind":"MetricValueList","apiVersion":"custom.metrics.k8s.io/v1beta1","metadata":{},"items":[{"describedObject":{"kind":"Pod","namespace":"default","name":"scaletestapp-5c8f45b4b7-pxf5w","apiVersion":"/v1"},"metricName":"http_requests_per_second","timestamp":"2026-05-31T13:30:33Z","value":"0","selector":null}]}
## переключаю HPA на RPS
horizontalpodautoscaler.autoscaling/scaletestapp created
NAME           REFERENCE                 TARGETS   MINPODS   MAXPODS   REPLICAS   AGE
scaletestapp   Deployment/scaletestapp   0/10      1         10        1          20s
## порт-форвард и нагрузка Locust
=== sample 1 ===
scaletestapp   Deployment/scaletestapp   0/10   1     10    1     26s
pods: 1
=== sample 2 ===
scaletestapp   Deployment/scaletestapp   0/10   1     10    1     36s
pods: 1
=== sample 3 ===
scaletestapp   Deployment/scaletestapp   0/10   1     10    1     47s
pods: 1
=== sample 4 ===
scaletestapp   Deployment/scaletestapp   0/10   1     10    1     57s
pods: 1
=== sample 5 ===
scaletestapp   Deployment/scaletestapp   0/10   1     10    1     67s
pods: 1
=== sample 6 ===
scaletestapp   Deployment/scaletestapp   0/10   1     10    1     78s
pods: 1
=== sample 7 ===
scaletestapp   Deployment/scaletestapp   0/10   1     10    1     88s
pods: 1
=== sample 8 ===
scaletestapp   Deployment/scaletestapp   0/10   1     10    1     98s
pods: 1
=== sample 9 ===
scaletestapp   Deployment/scaletestapp   0/10   1     10    1     109s
pods: 1
=== sample 10 ===
scaletestapp   Deployment/scaletestapp   0/10   1     10    1     119s
pods: 1
=== sample 11 ===
scaletestapp   Deployment/scaletestapp   0/10   1     10    1     2m9s
pods: 1
=== sample 12 ===
scaletestapp   Deployment/scaletestapp   0/10   1     10    1     2m20s
pods: 1
=== sample 13 ===
scaletestapp   Deployment/scaletestapp   0/10   1     10    1     2m30s
pods: 1
=== sample 14 ===
scaletestapp   Deployment/scaletestapp   0/10   1     10    1     2m40s
pods: 1
=== sample 15 ===
scaletestapp   Deployment/scaletestapp   0/10   1     10    1     2m50s
pods: 1
=== sample 16 ===
scaletestapp   Deployment/scaletestapp   0/10   1     10    1     3m1s
pods: 1
=== sample 17 ===
scaletestapp   Deployment/scaletestapp   0/10   1     10    1     3m11s
pods: 1
=== sample 18 ===
scaletestapp   Deployment/scaletestapp   0/10   1     10    1     3m21s
pods: 1
=== sample 19 ===
scaletestapp   Deployment/scaletestapp   0/10   1     10    1     3m31s
pods: 1
=== sample 20 ===
scaletestapp   Deployment/scaletestapp   0/10   1     10    1     3m42s
pods: 1
=== sample 21 ===
scaletestapp   Deployment/scaletestapp   0/10   1     10    1     3m52s
pods: 1
=== sample 22 ===
scaletestapp   Deployment/scaletestapp   0/10   1     10    1     4m3s
pods: 1
## финальное состояние
NAME           REFERENCE                 TARGETS   MINPODS   MAXPODS   REPLICAS   AGE
scaletestapp   Deployment/scaletestapp   0/10      1         10        1          4m13s
NAME                            READY   STATUS    RESTARTS   AGE
scaletestapp-5c8f45b4b7-pxf5w   1/1     Running   0          16m
Name:                                  scaletestapp
Namespace:                             default
Labels:                                <none>
Annotations:                           <none>
CreationTimestamp:                     Sun, 31 May 2026 18:30:34 +0500
Reference:                             Deployment/scaletestapp
Metrics:                               ( current / target )
  "http_requests_per_second" on pods:  0 / 10
Min replicas:                          1
Max replicas:                          10
Deployment pods:                       1 current / 1 desired
Conditions:
  Type            Status  Reason               Message
  ----            ------  ------               -------
  AbleToScale     True    ScaleDownStabilized  recent recommendations were higher than current one, applying the highest recent recommendation
  ScalingActive   True    ValidMetricFound     the HPA was able to successfully calculate a replica count from pods metric http_requests_per_second
  ScalingLimited  False   DesiredWithinRange   the desired count is within the acceptable range
Events:           <none>
DONE-PART2
